<?xml version="1.0" encoding="UTF-8"?>
<!-- Generated by org.testng.reporters.JUnitXMLReporter -->
<testsuite ignored="0" hostname="PTPL-238" failures="0" tests="2" name="Default test" time="30.068" errors="0" timestamp="2023-11-23T11:47:45 IST">
  <testcase classname="PageObjectTestClasses.aggregatedDP_condn_test" name="SelectParameterTest" time="12.402"/>
  <testcase classname="PageObjectTestClasses.aggregatedDP_condn_test" name="create_Agg_DP" time="12.426"/>
</testsuite> <!-- Default test -->
