<?xml version="1.0" encoding="UTF-8"?>
<!-- Generated by org.testng.reporters.JUnitXMLReporter -->
<testsuite ignored="0" hostname="PTPL-238" failures="0" tests="2" name="Default test" time="32.433" errors="0" timestamp="2023-11-24T13:05:20 IST">
  <testcase classname="PageObjectTestClasses.simpli_report_with_temp_test" name="create_report" time="21.229"/>
  <testcase classname="PageObjectTestClasses.simpli_report_with_temp_test" name="closeDriver" time="0.137"/>
</testsuite> <!-- Default test -->
