<?xml version="1.0" encoding="UTF-8"?>
<!-- Generated by org.testng.reporters.JUnitXMLReporter -->
<testsuite ignored="1" hostname="PTPL-238" failures="1" tests="3" name="Demo TestNg" time="1.965" errors="0" timestamp="2023-10-30T14:29:48 IST">
  <testcase classname="MavenTestNg.MavenTestNg.NewTest" name="beforeClass" time="1.845"/>
  <testcase classname="MavenTestNg.MavenTestNg.NewTest" name="logIn" time="0.097"/>
  <testcase classname="MavenTestNg.MavenTestNg.TelemetryPage" name="historicalDataTest" time="0.001">
    <failure type="java.lang.NullPointerException" message="Cannot invoke &amp;quot;org.openqa.selenium.WebElement.click()&amp;quot; because &amp;quot;this.historicalData&amp;quot; is null">
      <![CDATA[java.lang.NullPointerException: Cannot invoke "org.openqa.selenium.WebElement.click()" because "this.historicalData" is null
at MavenTestNg.MavenTestNg.TelemetryPage.historicalDataTest(TelemetryPage.java:27)
at java.base/java.util.ArrayList.forEach(ArrayList.java:1511)
... Removed 27 stack frames]]>
    </failure>
  </testcase> <!-- historicalDataTest -->
  <testcase classname="MavenTestNg.MavenTestNg.NewTest" name="IntelliView" time="0.0">
    <ignored/>
  </testcase> <!-- IntelliView -->
</testsuite> <!-- Demo TestNg -->
