<?xml version="1.0" encoding="UTF-8"?>
<testng-results ignored="0" total="2" passed="2" failed="0" skipped="0">
  <reporter-output>
  </reporter-output>
  <suite started-at="2023-11-24T13:04:48 IST" name="Default suite" finished-at="2023-11-24T13:05:20 IST" duration-ms="32433">
    <groups>
    </groups>
    <test started-at="2023-11-24T13:04:48 IST" name="Default test" finished-at="2023-11-24T13:05:20 IST" duration-ms="32433">
      <class name="PageObjectTestClasses.simpli_report_with_temp_test">
        <test-method is-config="true" signature="setUP()[pri:0, instance:PageObjectTestClasses.simpli_report_with_temp_test@5afa3c9]" started-at="2023-11-24T13:04:48 IST" name="setUP" finished-at="2023-11-24T13:04:59 IST" duration-ms="11037" status="PASS">
          <reporter-output>
          </reporter-output>
        </test-method> <!-- setUP -->
        <test-method signature="create_report()[pri:1, instance:PageObjectTestClasses.simpli_report_with_temp_test@5afa3c9]" started-at="2023-11-24T13:04:59 IST" name="create_report" finished-at="2023-11-24T13:05:20 IST" duration-ms="21229" status="PASS">
          <reporter-output>
          </reporter-output>
        </test-method> <!-- create_report -->
        <test-method signature="closeDriver()[pri:2, instance:PageObjectTestClasses.simpli_report_with_temp_test@5afa3c9]" started-at="2023-11-24T13:05:20 IST" name="closeDriver" finished-at="2023-11-24T13:05:20 IST" duration-ms="137" status="PASS">
          <reporter-output>
          </reporter-output>
        </test-method> <!-- closeDriver -->
      </class> <!-- PageObjectTestClasses.simpli_report_with_temp_test -->
    </test> <!-- Default test -->
  </suite> <!-- Default suite -->
</testng-results>
