<?xml version="1.0" encoding="UTF-8"?>
<testng-results ignored="0" total="2" passed="2" failed="0" skipped="0">
  <reporter-output>
  </reporter-output>
  <suite started-at="2023-11-23T11:47:14 IST" name="Default suite" finished-at="2023-11-23T11:47:45 IST" duration-ms="30068">
    <groups>
    </groups>
    <test started-at="2023-11-23T11:47:14 IST" name="Default test" finished-at="2023-11-23T11:47:45 IST" duration-ms="30068">
      <class name="PageObjectTestClasses.aggregatedDP_condn_test">
        <test-method is-config="true" signature="setUP()[pri:0, instance:PageObjectTestClasses.aggregatedDP_condn_test@2d901eb0]" started-at="2023-11-23T11:47:14 IST" name="setUP" finished-at="2023-11-23T11:47:20 IST" duration-ms="5214" status="PASS">
          <reporter-output>
          </reporter-output>
        </test-method> <!-- setUP -->
        <test-method signature="SelectParameterTest()[pri:1, instance:PageObjectTestClasses.aggregatedDP_condn_test@2d901eb0]" started-at="2023-11-23T11:47:20 IST" name="SelectParameterTest" finished-at="2023-11-23T11:47:32 IST" duration-ms="12402" status="PASS">
          <reporter-output>
          </reporter-output>
        </test-method> <!-- SelectParameterTest -->
        <test-method signature="create_Agg_DP()[pri:2, instance:PageObjectTestClasses.aggregatedDP_condn_test@2d901eb0]" started-at="2023-11-23T11:47:32 IST" name="create_Agg_DP" finished-at="2023-11-23T11:47:45 IST" duration-ms="12426" status="PASS">
          <reporter-output>
          </reporter-output>
        </test-method> <!-- create_Agg_DP -->
      </class> <!-- PageObjectTestClasses.aggregatedDP_condn_test -->
    </test> <!-- Default test -->
  </suite> <!-- Default suite -->
</testng-results>
